[0606/122210:ERROR:process_info.cc(330)] VirtualQueryEx: 拒绝访问。 (0x5)
[0606/122210:ERROR:process_info.cc(547)] ReadMemoryInfo failed
[0606/122210:ERROR:process_reader_win.cc(232)] ReadMemory at 0x3a5000 of 560 bytes failed: 仅完成部分的 ReadProcessMemory 或 WriteProcessMemory 请求。 (0x12B)
[0606/122210:ERROR:process_snapshot_win.cc(342)] ReadMemory PEB
[0606/122210:ERROR:process_reader_win.cc(232)] ReadMemory at 0x1360000 of 64 bytes failed: 仅完成部分的 ReadProcessMemory 或 WriteProcessMemory 请求。 (0x12B)
[0606/122210:WARNING:pe_image_reader.cc(280)] could not read dos header from C:\Program Files (x86)\Google\Chrome\Application\chrome.exe
[0606/122210:ERROR:process_reader_win.cc(232)] ReadMemory at 0x774e0000 of 64 bytes failed: 仅完成部分的 ReadProcessMemory 或 WriteProcessMemory 请求。 (0x12B)
[0606/122210:WARNING:pe_image_reader.cc(280)] could not read dos header from C:\windows\SYSTEM32\ntdll.dll
[0606/122210:ERROR:process_reader_win.cc(232)] ReadMemory at 0x74ed0000 of 64 bytes failed: 仅完成部分的 ReadProcessMemory 或 WriteProcessMemory 请求。 (0x12B)
[0606/122210:WARNING:pe_image_reader.cc(280)] could not read dos header from C:\windows\SYSTEM32\KERNELBASE.dll
[0606/122210:ERROR:process_reader_win.cc(232)] ReadMemory at 0x75520000 of 64 bytes failed: 仅完成部分的 ReadProcessMemory 或 WriteProcessMemory 请求。 (0x12B)
[0606/122210:WARNING:pe_image_reader.cc(280)] could not read dos header from C:\windows\SYSTEM32\KERNEL32.DLL
[0606/122210:ERROR:process_reader_win.cc(232)] ReadMemory at 0x713c0000 of 64 bytes failed: 仅完成部分的 ReadProcessMemory 或 WriteProcessMemory 请求。 (0x12B)
[0606/122210:WARNING:pe_image_reader.cc(280)] could not read dos header from C:\windows\system32\apphelp.dll
[0606/122210:ERROR:process_reader_win.cc(232)] ReadMemory at 0x74020000 of 64 bytes failed: 仅完成部分的 ReadProcessMemory 或 WriteProcessMemory 请求。 (0x12B)
[0606/122210:WARNING:pe_image_reader.cc(280)] could not read dos header from C:\windows\SYSTEM32\msvcrt.dll
[0606/122210:ERROR:process_reader_win.cc(232)] ReadMemory at 0x754b0000 of 64 bytes failed: 仅完成部分的 ReadProcessMemory 或 WriteProcessMemory 请求。 (0x12B)
[0606/122210:WARNING:pe_image_reader.cc(280)] could not read dos header from C:\windows\SYSTEM32\bcryptPrimitives.dll
[0606/122210:ERROR:process_reader_win.cc(232)] ReadMemory at 0x73ff0000 of 64 bytes failed: 仅完成部分的 ReadProcessMemory 或 WriteProcessMemory 请求。 (0x12B)
[0606/122210:WARNING:pe_image_reader.cc(280)] could not read dos header from C:\windows\SYSTEM32\CRYPTBASE.dll
[0606/122210:ERROR:process_reader_win.cc(232)] ReadMemory at 0x74000000 of 64 bytes failed: 仅完成部分的 ReadProcessMemory 或 WriteProcessMemory 请求。 (0x12B)
[0606/122210:WARNING:pe_image_reader.cc(280)] could not read dos header from C:\windows\SYSTEM32\SspiCli.dll
[0606/122210:ERROR:process_reader_win.cc(232)] ReadMemory at 0x75700000 of 64 bytes failed: 仅完成部分的 ReadProcessMemory 或 WriteProcessMemory 请求。 (0x12B)
[0606/122210:WARNING:pe_image_reader.cc(280)] could not read dos header from C:\windows\SYSTEM32\RPCRT4.dll
[0606/122210:ERROR:process_reader_win.cc(232)] ReadMemory at 0x75210000 of 64 bytes failed: 仅完成部分的 ReadProcessMemory 或 WriteProcessMemory 请求。 (0x12B)
[0606/122210:WARNING:pe_image_reader.cc(280)] could not read dos header from C:\windows\SYSTEM32\sechost.dll
[0606/122210:ERROR:process_reader_win.cc(232)] ReadMemory at 0x75260000 of 64 bytes failed: 仅完成部分的 ReadProcessMemory 或 WriteProcessMemory 请求。 (0x12B)
[0606/122210:WARNING:pe_image_reader.cc(280)] could not read dos header from C:\windows\SYSTEM32\ADVAPI32.dll
[0606/122210:ERROR:process_reader_win.cc(232)] ReadMemory at 0x6daa0000 of 64 bytes failed: 仅完成部分的 ReadProcessMemory 或 WriteProcessMemory 请求。 (0x12B)
[0606/122210:WARNING:pe_image_reader.cc(280)] could not read dos header from C:\Program Files (x86)\Google\Chrome\Application\50.0.2661.94\chrome_elf.dll
[0606/122210:ERROR:process_reader_win.cc(232)] ReadMemory at 0x73fb0000 of 64 bytes failed: 仅完成部分的 ReadProcessMemory 或 WriteProcessMemory 请求。 (0x12B)
[0606/122210:WARNING:pe_image_reader.cc(280)] could not read dos header from C:\windows\SYSTEM32\VERSION.dll
[0606/122210:ERROR:process_reader_win.cc(232)] ReadMemory at 0x76fb0000 of 64 bytes failed: 仅完成部分的 ReadProcessMemory 或 WriteProcessMemory 请求。 (0x12B)
[0606/122210:WARNING:pe_image_reader.cc(280)] could not read dos header from C:\windows\SYSTEM32\cfgmgr32.dll
[0606/122210:ERROR:process_reader_win.cc(232)] ReadMemory at 0x74510000 of 64 bytes failed: 仅完成部分的 ReadProcessMemory 或 WriteProcessMemory 请求。 (0x12B)
[0606/122210:WARNING:pe_image_reader.cc(280)] could not read dos header from C:\windows\SYSTEM32\WINMMBASE.dll
[0606/122210:ERROR:process_reader_win.cc(232)] ReadMemory at 0x76cf0000 of 64 bytes failed: 仅完成部分的 ReadProcessMemory 或 WriteProcessMemory 请求。 (0x12B)
[0606/122210:WARNING:pe_image_reader.cc(280)] could not read dos header from C:\windows\SYSTEM32\GDI32.dll
[0606/122210:ERROR:process_reader_win.cc(232)] ReadMemory at 0x74c40000 of 64 bytes failed: 仅完成部分的 ReadProcessMemory 或 WriteProcessMemory 请求。 (0x12B)
[0606/122210:WARNING:pe_image_reader.cc(280)] could not read dos header from C:\windows\SYSTEM32\USER32.dll
[0606/122210:ERROR:process_reader_win.cc(232)] ReadMemory at 0x76ff0000 of 64 bytes failed: 仅完成部分的 ReadProcessMemory 或 WriteProcessMemory 请求。 (0x12B)
[0606/122210:WARNING:pe_image_reader.cc(280)] could not read dos header from C:\windows\SYSTEM32\IMM32.DLL
[0606/122210:ERROR:process_reader_win.cc(232)] ReadMemory at 0x752e0000 of 64 bytes failed: 仅完成部分的 ReadProcessMemory 或 WriteProcessMemory 请求。 (0x12B)
[0606/122210:WARNING:pe_image_reader.cc(280)] could not read dos header from C:\windows\SYSTEM32\WINMM.dll
[0606/122210:ERROR:process_reader_win.cc(232)] ReadMemory at 0x77260000 of 64 bytes failed: 仅完成部分的 ReadProcessMemory 或 WriteProcessMemory 请求。 (0x12B)
[0606/122210:WARNING:pe_image_reader.cc(280)] could not read dos header from C:\windows\SYSTEM32\profapi.dll
[0606/122210:ERROR:process_reader_win.cc(232)] ReadMemory at 0x73ec0000 of 64 bytes failed: 仅完成部分的 ReadProcessMemory 或 WriteProcessMemory 请求。 (0x12B)
[0606/122210:WARNING:pe_image_reader.cc(280)] could not read dos header from C:\windows\SYSTEM32\USERENV.dll
[0606/122210:ERROR:process_reader_win.cc(232)] ReadMemory at 0x73ee0000 of 64 bytes failed: 仅完成部分的 ReadProcessMemory 或 WriteProcessMemory 请求。 (0x12B)
[0606/122210:WARNING:pe_image_reader.cc(280)] could not read dos header from C:\windows\SYSTEM32\WTSAPI32.dll
[0606/122210:ERROR:process_reader_win.cc(232)] ReadMemory at 0x72230000 of 64 bytes failed: 仅完成部分的 ReadProcessMemory 或 WriteProcessMemory 请求。 (0x12B)
[0606/122210:WARNING:pe_image_reader.cc(280)] could not read dos header from C:\windows\SYSTEM32\WINHTTP.dll
[0606/122210:ERROR:process_reader_win.cc(232)] ReadMemory at 0x75050000 of 64 bytes failed: 仅完成部分的 ReadProcessMemory 或 WriteProcessMemory 请求。 (0x12B)
[0606/122210:WARNING:pe_image_reader.cc(280)] could not read dos header from C:\windows\SYSTEM32\combase.dll
[0606/122210:ERROR:process_reader_win.cc(232)] ReadMemory at 0x75310000 of 64 bytes failed: 仅完成部分的 ReadProcessMemory 或 WriteProcessMemory 请求。 (0x12B)
[0606/122210:WARNING:pe_image_reader.cc(280)] could not read dos header from C:\windows\SYSTEM32\shlwapi.dll
[0606/122210:ERROR:process_reader_win.cc(232)] ReadMemory at 0x74730000 of 64 bytes failed: 仅完成部分的 ReadProcessMemory 或 WriteProcessMemory 请求。 (0x12B)
[0606/122210:WARNING:pe_image_reader.cc(280)] could not read dos header from C:\windows\SYSTEM32\kernel.appcore.dll
[0606/122210:ERROR:process_reader_win.cc(232)] ReadMemory at 0x771d0000 of 64 bytes failed: 仅完成部分的 ReadProcessMemory 或 WriteProcessMemory 请求。 (0x12B)
[0606/122210:WARNING:pe_image_reader.cc(280)] could not read dos header from C:\windows\SYSTEM32\shcore.dll
[0606/122210:ERROR:process_reader_win.cc(232)] ReadMemory at 0x74df0000 of 64 bytes failed: 仅完成部分的 ReadProcessMemory 或 WriteProcessMemory 请求。 (0x12B)
[0606/122210:WARNING:pe_image_reader.cc(280)] could not read dos header from C:\windows\SYSTEM32\powrprof.dll
[0606/122210:ERROR:process_reader_win.cc(232)] ReadMemory at 0x74740000 of 64 bytes failed: 仅完成部分的 ReadProcessMemory 或 WriteProcessMemory 请求。 (0x12B)
[0606/122210:WARNING:pe_image_reader.cc(280)] could not read dos header from C:\windows\SYSTEM32\windows.storage.dll
[0606/122210:ERROR:process_reader_win.cc(232)] ReadMemory at 0x757b0000 of 64 bytes failed: 仅完成部分的 ReadProcessMemory 或 WriteProcessMemory 请求。 (0x12B)
[0606/122210:WARNING:pe_image_reader.cc(280)] could not read dos header from C:\windows\SYSTEM32\SHELL32.dll
[0606/122210:ERROR:process_reader_win.cc(232)] ReadMemory at 0x770e0000 of 64 bytes failed: 仅完成部分的 ReadProcessMemory 或 WriteProcessMemory 请求。 (0x12B)
[0606/122210:WARNING:pe_image_reader.cc(280)] could not read dos header from C:\windows\SYSTEM32\ole32.dll
[0606/122210:ERROR:process_reader_win.cc(232)] ReadMemory at 0x75660000 of 64 bytes failed: 仅完成部分的 ReadProcessMemory 或 WriteProcessMemory 请求。 (0x12B)
[0606/122210:WARNING:pe_image_reader.cc(280)] could not read dos header from C:\windows\SYSTEM32\OLEAUT32.dll
[0606/122210:ERROR:process_reader_win.cc(232)] ReadMemory at 0x75510000 of 64 bytes failed: 仅完成部分的 ReadProcessMemory 或 WriteProcessMemory 请求。 (0x12B)
[0606/122210:WARNING:pe_image_reader.cc(280)] could not read dos header from C:\windows\SYSTEM32\PSAPI.DLL
[0606/122210:ERROR:process_reader_win.cc(232)] ReadMemory at 0x75440000 of 64 bytes failed: 仅完成部分的 ReadProcessMemory 或 WriteProcessMemory 请求。 (0x12B)
[0606/122210:WARNING:pe_image_reader.cc(280)] could not read dos header from C:\windows\SYSTEM32\WS2_32.dll
[0606/122210:ERROR:process_reader_win.cc(232)] ReadMemory at 0x77020000 of 64 bytes failed: 仅完成部分的 ReadProcessMemory 或 WriteProcessMemory 请求。 (0x12B)
[0606/122210:WARNING:pe_image_reader.cc(280)] could not read dos header from C:\windows\SYSTEM32\NETAPI32.dll
[0606/122210:ERROR:process_reader_win.cc(232)] ReadMemory at 0x73a20000 of 64 bytes failed: 仅完成部分的 ReadProcessMemory 或 WriteProcessMemory 请求。 (0x12B)
[0606/122210:WARNING:pe_image_reader.cc(280)] could not read dos header from C:\windows\SYSTEM32\NETUTILS.DLL
[0606/122210:ERROR:process_reader_win.cc(232)] ReadMemory at 0x723a0000 of 64 bytes failed: 仅完成部分的 ReadProcessMemory 或 WriteProcessMemory 请求。 (0x12B)
[0606/122210:WARNING:pe_image_reader.cc(280)] could not read dos header from C:\windows\SYSTEM32\bcrypt.dll
[0606/122210:ERROR:process_reader_win.cc(232)] ReadMemory at 0x723c0000 of 64 bytes failed: 仅完成部分的 ReadProcessMemory 或 WriteProcessMemory 请求。 (0x12B)
[0606/122210:WARNING:pe_image_reader.cc(280)] could not read dos header from C:\windows\SYSTEM32\WKSCLI.DLL
[0606/122210:ERROR:process_reader_win.cc(232)] ReadMemory at 0x723e0000 of 64 bytes failed: 仅完成部分的 ReadProcessMemory 或 WriteProcessMemory 请求。 (0x12B)
[0606/122210:WARNING:pe_image_reader.cc(280)] could not read dos header from C:\Program Files (x86)\360\360Safe\safemon\safemon.dll
[0606/122210:ERROR:process_reader_win.cc(232)] ReadMemory at 0x6c380000 of 64 bytes failed: 仅完成部分的 ReadProcessMemory 或 WriteProcessMemory 请求。 (0x12B)
[0606/122210:WARNING:pe_image_reader.cc(280)] could not read dos header from C:\Program Files (x86)\360\360Safe\safemon\iNetSafe.dll
[0606/122210:ERROR:process_reader_win.cc(232)] ReadMemory at 0x70eb0000 of 64 bytes failed: 仅完成部分的 ReadProcessMemory 或 WriteProcessMemory 请求。 (0x12B)
[0606/122210:WARNING:pe_image_reader.cc(280)] could not read dos header from C:\windows\SYSTEM32\WINSPOOL.DRV
[0606/122210:ERROR:process_reader_win.cc(232)] ReadMemory at 0x6e750000 of 64 bytes failed: 仅完成部分的 ReadProcessMemory 或 WriteProcessMemory 请求。 (0x12B)
[0606/122210:WARNING:pe_image_reader.cc(280)] could not read dos header from C:\windows\WinSxS\x86_microsoft.windows.common-controls_6595b64144ccf1df_6.0.10586.0_none_d3c2e4e965da4528\COMCTL32.dll
[0606/122210:ERROR:process_reader_win.cc(232)] ReadMemory at 0x75360000 of 64 bytes failed: 仅完成部分的 ReadProcessMemory 或 WriteProcessMemory 请求。 (0x12B)
[0606/122210:WARNING:pe_image_reader.cc(280)] could not read dos header from C:\windows\SYSTEM32\FirewallAPI.dll
[0606/122210:ERROR:process_reader_win.cc(232)] ReadMemory at 0x71a50000 of 64 bytes failed: 仅完成部分的 ReadProcessMemory 或 WriteProcessMemory 请求。 (0x12B)
[0606/122210:WARNING:pe_image_reader.cc(280)] could not read dos header from C:\windows\SYSTEM32\fwbase.dll
[0606/122210:ERROR:process_reader_win.cc(232)] ReadMemory at 0x71b90000 of 64 bytes failed: 仅完成部分的 ReadProcessMemory 或 WriteProcessMemory 请求。 (0x12B)
[0606/122210:WARNING:pe_image_reader.cc(280)] could not read dos header from C:\windows\SYSTEM32\DAVHLPR.DLL
[0606/122210:ERROR:process_reader_win.cc(232)] ReadMemory at 0x74630000 of 64 bytes failed: 仅完成部分的 ReadProcessMemory 或 WriteProcessMemory 请求。 (0x12B)
[0606/122210:WARNING:pe_image_reader.cc(280)] could not read dos header from C:\windows\SYSTEM32\COMDLG32.dll
[0606/122210:ERROR:process_reader_win.cc(232)] ReadMemory at 0x73d00000 of 64 bytes failed: 仅完成部分的 ReadProcessMemory 或 WriteProcessMemory 请求。 (0x12B)
[0606/122210:WARNING:pe_image_reader.cc(280)] could not read dos header from C:\windows\SYSTEM32\IPHLPAPI.DLL
[0606/122210:ERROR:process_reader_win.cc(232)] ReadMemory at 0x753c0000 of 64 bytes failed: 仅完成部分的 ReadProcessMemory 或 WriteProcessMemory 请求。 (0x12B)
[0606/122210:WARNING:pe_image_reader.cc(280)] could not read dos header from C:\windows\SYSTEM32\USP10.dll
[0606/122210:ERROR:process_reader_win.cc(232)] ReadMemory at 0x754a0000 of 64 bytes failed: 仅完成部分的 ReadProcessMemory 或 WriteProcessMemory 请求。 (0x12B)
[0606/122210:WARNING:pe_image_reader.cc(280)] could not read dos header from C:\windows\SYSTEM32\MSASN1.dll
[0606/122210:ERROR:process_reader_win.cc(232)] ReadMemory at 0x77280000 of 64 bytes failed: 仅完成部分的 ReadProcessMemory 或 WriteProcessMemory 请求。 (0x12B)
[0606/122210:WARNING:pe_image_reader.cc(280)] could not read dos header from C:\windows\SYSTEM32\CRYPT32.dll
[0606/122210:ERROR:process_reader_win.cc(232)] ReadMemory at 0x77400000 of 64 bytes failed: 仅完成部分的 ReadProcessMemory 或 WriteProcessMemory 请求。 (0x12B)
[0606/122210:WARNING:pe_image_reader.cc(280)] could not read dos header from C:\windows\SYSTEM32\WINTRUST.dll
[0606/122210:ERROR:process_reader_win.cc(232)] ReadMemory at 0x73ac0000 of 64 bytes failed: 仅完成部分的 ReadProcessMemory 或 WriteProcessMemory 请求。 (0x12B)
[0606/122210:WARNING:pe_image_reader.cc(280)] could not read dos header from C:\windows\SYSTEM32\Secur32.dll
[0606/122210:ERROR:process_reader_win.cc(232)] ReadMemory at 0x64310000 of 64 bytes failed: 仅完成部分的 ReadProcessMemory 或 WriteProcessMemory 请求。 (0x12B)
[0606/122210:WARNING:pe_image_reader.cc(280)] could not read dos header from C:\Program Files (x86)\Google\Chrome\Application\50.0.2661.94\chrome_child.dll
[0606/122210:ERROR:process_reader_win.cc(232)] ReadMemory at 0x6b140000 of 64 bytes failed: 仅完成部分的 ReadProcessMemory 或 WriteProcessMemory 请求。 (0x12B)
[0606/122210:WARNING:pe_image_reader.cc(280)] could not read dos header from C:\windows\SYSTEM32\dwrite.dll
[0606/122210:ERROR:process_reader_win.cc(232)] ReadMemory at 0x775eab80 of 5888 bytes failed: 仅完成部分的 ReadProcessMemory 或 WriteProcessMemory 请求。 (0x12B)
[0606/122210:ERROR:process_reader_win.cc(232)] ReadMemory at 0x1360000 of 64 bytes failed: 仅完成部分的 ReadProcessMemory 或 WriteProcessMemory 请求。 (0x12B)
[0606/122210:WARNING:pe_image_reader.cc(280)] could not read dos header from C:\Program Files (x86)\Google\Chrome\Application\chrome.exe
[0606/122210:ERROR:process_reader_win.cc(232)] ReadMemory at 0x774e0000 of 64 bytes failed: 仅完成部分的 ReadProcessMemory 或 WriteProcessMemory 请求。 (0x12B)
[0606/122210:WARNING:pe_image_reader.cc(280)] could not read dos header from C:\windows\SYSTEM32\ntdll.dll
[0606/122210:ERROR:process_reader_win.cc(232)] ReadMemory at 0x74ed0000 of 64 bytes failed: 仅完成部分的 ReadProcessMemory 或 WriteProcessMemory 请求。 (0x12B)
[0606/122210:WARNING:pe_image_reader.cc(280)] could not read dos header from C:\windows\SYSTEM32\KERNELBASE.dll
[0606/122210:ERROR:process_reader_win.cc(232)] ReadMemory at 0x75520000 of 64 bytes failed: 仅完成部分的 ReadProcessMemory 或 WriteProcessMemory 请求。 (0x12B)
[0606/122210:WARNING:pe_image_reader.cc(280)] could not read dos header from C:\windows\SYSTEM32\KERNEL32.DLL
[0606/122210:ERROR:process_reader_win.cc(232)] ReadMemory at 0x713c0000 of 64 bytes failed: 仅完成部分的 ReadProcessMemory 或 WriteProcessMemory 请求。 (0x12B)
[0606/122210:WARNING:pe_image_reader.cc(280)] could not read dos header from C:\windows\system32\apphelp.dll
[0606/122210:ERROR:process_reader_win.cc(232)] ReadMemory at 0x74020000 of 64 bytes failed: 仅完成部分的 ReadProcessMemory 或 WriteProcessMemory 请求。 (0x12B)
[0606/122210:WARNING:pe_image_reader.cc(280)] could not read dos header from C:\windows\SYSTEM32\msvcrt.dll
[0606/122210:ERROR:process_reader_win.cc(232)] ReadMemory at 0x754b0000 of 64 bytes failed: 仅完成部分的 ReadProcessMemory 或 WriteProcessMemory 请求。 (0x12B)
[0606/122210:WARNING:pe_image_reader.cc(280)] could not read dos header from C:\windows\SYSTEM32\bcryptPrimitives.dll
[0606/122210:ERROR:process_reader_win.cc(232)] ReadMemory at 0x73ff0000 of 64 bytes failed: 仅完成部分的 ReadProcessMemory 或 WriteProcessMemory 请求。 (0x12B)
[0606/122210:WARNING:pe_image_reader.cc(280)] could not read dos header from C:\windows\SYSTEM32\CRYPTBASE.dll
[0606/122210:ERROR:process_reader_win.cc(232)] ReadMemory at 0x74000000 of 64 bytes failed: 仅完成部分的 ReadProcessMemory 或 WriteProcessMemory 请求。 (0x12B)
[0606/122210:WARNING:pe_image_reader.cc(280)] could not read dos header from C:\windows\SYSTEM32\SspiCli.dll
[0606/122210:ERROR:process_reader_win.cc(232)] ReadMemory at 0x75700000 of 64 bytes failed: 仅完成部分的 ReadProcessMemory 或 WriteProcessMemory 请求。 (0x12B)
[0606/122210:WARNING:pe_image_reader.cc(280)] could not read dos header from C:\windows\SYSTEM32\RPCRT4.dll
[0606/122210:ERROR:process_reader_win.cc(232)] ReadMemory at 0x75210000 of 64 bytes failed: 仅完成部分的 ReadProcessMemory 或 WriteProcessMemory 请求。 (0x12B)
[0606/122210:WARNING:pe_image_reader.cc(280)] could not read dos header from C:\windows\SYSTEM32\sechost.dll
[0606/122210:ERROR:process_reader_win.cc(232)] ReadMemory at 0x75260000 of 64 bytes failed: 仅完成部分的 ReadProcessMemory 或 WriteProcessMemory 请求。 (0x12B)
[0606/122210:WARNING:pe_image_reader.cc(280)] could not read dos header from C:\windows\SYSTEM32\ADVAPI32.dll
[0606/122210:ERROR:process_reader_win.cc(232)] ReadMemory at 0x6daa0000 of 64 bytes failed: 仅完成部分的 ReadProcessMemory 或 WriteProcessMemory 请求。 (0x12B)
[0606/122210:WARNING:pe_image_reader.cc(280)] could not read dos header from C:\Program Files (x86)\Google\Chrome\Application\50.0.2661.94\chrome_elf.dll
[0606/122210:ERROR:process_reader_win.cc(232)] ReadMemory at 0x73fb0000 of 64 bytes failed: 仅完成部分的 ReadProcessMemory 或 WriteProcessMemory 请求。 (0x12B)
[0606/122210:WARNING:pe_image_reader.cc(280)] could not read dos header from C:\windows\SYSTEM32\VERSION.dll
[0606/122210:ERROR:process_reader_win.cc(232)] ReadMemory at 0x76fb0000 of 64 bytes failed: 仅完成部分的 ReadProcessMemory 或 WriteProcessMemory 请求。 (0x12B)
[0606/122210:WARNING:pe_image_reader.cc(280)] could not read dos header from C:\windows\SYSTEM32\cfgmgr32.dll
[0606/122210:ERROR:process_reader_win.cc(232)] ReadMemory at 0x74510000 of 64 bytes failed: 仅完成部分的 ReadProcessMemory 或 WriteProcessMemory 请求。 (0x12B)
[0606/122210:WARNING:pe_image_reader.cc(280)] could not read dos header from C:\windows\SYSTEM32\WINMMBASE.dll
[0606/122210:ERROR:process_reader_win.cc(232)] ReadMemory at 0x76cf0000 of 64 bytes failed: 仅完成部分的 ReadProcessMemory 或 WriteProcessMemory 请求。 (0x12B)
[0606/122210:WARNING:pe_image_reader.cc(280)] could not read dos header from C:\windows\SYSTEM32\GDI32.dll
[0606/122210:ERROR:process_reader_win.cc(232)] ReadMemory at 0x74c40000 of 64 bytes failed: 仅完成部分的 ReadProcessMemory 或 WriteProcessMemory 请求。 (0x12B)
[0606/122210:WARNING:pe_image_reader.cc(280)] could not read dos header from C:\windows\SYSTEM32\USER32.dll
[0606/122210:ERROR:process_reader_win.cc(232)] ReadMemory at 0x76ff0000 of 64 bytes failed: 仅完成部分的 ReadProcessMemory 或 WriteProcessMemory 请求。 (0x12B)
[0606/122210:WARNING:pe_image_reader.cc(280)] could not read dos header from C:\windows\SYSTEM32\IMM32.DLL
[0606/122210:ERROR:process_reader_win.cc(232)] ReadMemory at 0x752e0000 of 64 bytes failed: 仅完成部分的 ReadProcessMemory 或 WriteProcessMemory 请求。 (0x12B)
[0606/122210:WARNING:pe_image_reader.cc(280)] could not read dos header from C:\windows\SYSTEM32\WINMM.dll
[0606/122210:ERROR:process_reader_win.cc(232)] ReadMemory at 0x77260000 of 64 bytes failed: 仅完成部分的 ReadProcessMemory 或 WriteProcessMemory 请求。 (0x12B)
[0606/122210:WARNING:pe_image_reader.cc(280)] could not read dos header from C:\windows\SYSTEM32\profapi.dll
[0606/122210:ERROR:process_reader_win.cc(232)] ReadMemory at 0x73ec0000 of 64 bytes failed: 仅完成部分的 ReadProcessMemory 或 WriteProcessMemory 请求。 (0x12B)
[0606/122210:WARNING:pe_image_reader.cc(280)] could not read dos header from C:\windows\SYSTEM32\USERENV.dll
[0606/122210:ERROR:process_reader_win.cc(232)] ReadMemory at 0x73ee0000 of 64 bytes failed: 仅完成部分的 ReadProcessMemory 或 WriteProcessMemory 请求。 (0x12B)
[0606/122210:WARNING:pe_image_reader.cc(280)] could not read dos header from C:\windows\SYSTEM32\WTSAPI32.dll
[0606/122210:ERROR:process_reader_win.cc(232)] ReadMemory at 0x72230000 of 64 bytes failed: 仅完成部分的 ReadProcessMemory 或 WriteProcessMemory 请求。 (0x12B)
[0606/122210:WARNING:pe_image_reader.cc(280)] could not read dos header from C:\windows\SYSTEM32\WINHTTP.dll
[0606/122210:ERROR:process_reader_win.cc(232)] ReadMemory at 0x75050000 of 64 bytes failed: 仅完成部分的 ReadProcessMemory 或 WriteProcessMemory 请求。 (0x12B)
[0606/122210:WARNING:pe_image_reader.cc(280)] could not read dos header from C:\windows\SYSTEM32\combase.dll
[0606/122210:ERROR:process_reader_win.cc(232)] ReadMemory at 0x75310000 of 64 bytes failed: 仅完成部分的 ReadProcessMemory 或 WriteProcessMemory 请求。 (0x12B)
[0606/122210:WARNING:pe_image_reader.cc(280)] could not read dos header from C:\windows\SYSTEM32\shlwapi.dll
[0606/122210:ERROR:process_reader_win.cc(232)] ReadMemory at 0x74730000 of 64 bytes failed: 仅完成部分的 ReadProcessMemory 或 WriteProcessMemory 请求。 (0x12B)
[0606/122210:WARNING:pe_image_reader.cc(280)] could not read dos header from C:\windows\SYSTEM32\kernel.appcore.dll
[0606/122210:ERROR:process_reader_win.cc(232)] ReadMemory at 0x771d0000 of 64 bytes failed: 仅完成部分的 ReadProcessMemory 或 WriteProcessMemory 请求。 (0x12B)
[0606/122210:WARNING:pe_image_reader.cc(280)] could not read dos header from C:\windows\SYSTEM32\shcore.dll
[0606/122210:ERROR:process_reader_win.cc(232)] ReadMemory at 0x74df0000 of 64 bytes failed: 仅完成部分的 ReadProcessMemory 或 WriteProcessMemory 请求。 (0x12B)
[0606/122210:WARNING:pe_image_reader.cc(280)] could not read dos header from C:\windows\SYSTEM32\powrprof.dll
[0606/122210:ERROR:process_reader_win.cc(232)] ReadMemory at 0x74740000 of 64 bytes failed: 仅完成部分的 ReadProcessMemory 或 WriteProcessMemory 请求。 (0x12B)
[0606/122210:WARNING:pe_image_reader.cc(280)] could not read dos header from C:\windows\SYSTEM32\windows.storage.dll
[0606/122210:ERROR:process_reader_win.cc(232)] ReadMemory at 0x757b0000 of 64 bytes failed: 仅完成部分的 ReadProcessMemory 或 WriteProcessMemory 请求。 (0x12B)
[0606/122210:WARNING:pe_image_reader.cc(280)] could not read dos header from C:\windows\SYSTEM32\SHELL32.dll
[0606/122210:ERROR:process_reader_win.cc(232)] ReadMemory at 0x770e0000 of 64 bytes failed: 仅完成部分的 ReadProcessMemory 或 WriteProcessMemory 请求。 (0x12B)
[0606/122210:WARNING:pe_image_reader.cc(280)] could not read dos header from C:\windows\SYSTEM32\ole32.dll
[0606/122210:ERROR:process_reader_win.cc(232)] ReadMemory at 0x75660000 of 64 bytes failed: 仅完成部分的 ReadProcessMemory 或 WriteProcessMemory 请求。 (0x12B)
[0606/122210:WARNING:pe_image_reader.cc(280)] could not read dos header from C:\windows\SYSTEM32\OLEAUT32.dll
[0606/122210:ERROR:process_reader_win.cc(232)] ReadMemory at 0x75510000 of 64 bytes failed: 仅完成部分的 ReadProcessMemory 或 WriteProcessMemory 请求。 (0x12B)
[0606/122210:WARNING:pe_image_reader.cc(280)] could not read dos header from C:\windows\SYSTEM32\PSAPI.DLL
[0606/122210:ERROR:process_reader_win.cc(232)] ReadMemory at 0x75440000 of 64 bytes failed: 仅完成部分的 ReadProcessMemory 或 WriteProcessMemory 请求。 (0x12B)
[0606/122210:WARNING:pe_image_reader.cc(280)] could not read dos header from C:\windows\SYSTEM32\WS2_32.dll
[0606/122210:ERROR:process_reader_win.cc(232)] ReadMemory at 0x77020000 of 64 bytes failed: 仅完成部分的 ReadProcessMemory 或 WriteProcessMemory 请求。 (0x12B)
[0606/122210:WARNING:pe_image_reader.cc(280)] could not read dos header from C:\windows\SYSTEM32\NETAPI32.dll
[0606/122210:ERROR:process_reader_win.cc(232)] ReadMemory at 0x73a20000 of 64 bytes failed: 仅完成部分的 ReadProcessMemory 或 WriteProcessMemory 请求。 (0x12B)
[0606/122210:WARNING:pe_image_reader.cc(280)] could not read dos header from C:\windows\SYSTEM32\NETUTILS.DLL
[0606/122210:ERROR:process_reader_win.cc(232)] ReadMemory at 0x723a0000 of 64 bytes failed: 仅完成部分的 ReadProcessMemory 或 WriteProcessMemory 请求。 (0x12B)
[0606/122210:WARNING:pe_image_reader.cc(280)] could not read dos header from C:\windows\SYSTEM32\bcrypt.dll
[0606/122210:ERROR:process_reader_win.cc(232)] ReadMemory at 0x723c0000 of 64 bytes failed: 仅完成部分的 ReadProcessMemory 或 WriteProcessMemory 请求。 (0x12B)
[0606/122210:WARNING:pe_image_reader.cc(280)] could not read dos header from C:\windows\SYSTEM32\WKSCLI.DLL
[0606/122210:ERROR:process_reader_win.cc(232)] ReadMemory at 0x723e0000 of 64 bytes failed: 仅完成部分的 ReadProcessMemory 或 WriteProcessMemory 请求。 (0x12B)
[0606/122210:WARNING:pe_image_reader.cc(280)] could not read dos header from C:\Program Files (x86)\360\360Safe\safemon\safemon.dll
[0606/122210:ERROR:process_reader_win.cc(232)] ReadMemory at 0x6c380000 of 64 bytes failed: 仅完成部分的 ReadProcessMemory 或 WriteProcessMemory 请求。 (0x12B)
[0606/122210:WARNING:pe_image_reader.cc(280)] could not read dos header from C:\Program Files (x86)\360\360Safe\safemon\iNetSafe.dll
[0606/122210:ERROR:process_reader_win.cc(232)] ReadMemory at 0x70eb0000 of 64 bytes failed: 仅完成部分的 ReadProcessMemory 或 WriteProcessMemory 请求。 (0x12B)
[0606/122210:WARNING:pe_image_reader.cc(280)] could not read dos header from C:\windows\SYSTEM32\WINSPOOL.DRV
[0606/122210:ERROR:process_reader_win.cc(232)] ReadMemory at 0x6e750000 of 64 bytes failed: 仅完成部分的 ReadProcessMemory 或 WriteProcessMemory 请求。 (0x12B)
[0606/122210:WARNING:pe_image_reader.cc(280)] could not read dos header from C:\windows\WinSxS\x86_microsoft.windows.common-controls_6595b64144ccf1df_6.0.10586.0_none_d3c2e4e965da4528\COMCTL32.dll
[0606/122210:ERROR:process_reader_win.cc(232)] ReadMemory at 0x75360000 of 64 bytes failed: 仅完成部分的 ReadProcessMemory 或 WriteProcessMemory 请求。 (0x12B)
[0606/122210:WARNING:pe_image_reader.cc(280)] could not read dos header from C:\windows\SYSTEM32\FirewallAPI.dll
[0606/122210:ERROR:process_reader_win.cc(232)] ReadMemory at 0x71a50000 of 64 bytes failed: 仅完成部分的 ReadProcessMemory 或 WriteProcessMemory 请求。 (0x12B)
[0606/122210:WARNING:pe_image_reader.cc(280)] could not read dos header from C:\windows\SYSTEM32\fwbase.dll
[0606/122210:ERROR:process_reader_win.cc(232)] ReadMemory at 0x71b90000 of 64 bytes failed: 仅完成部分的 ReadProcessMemory 或 WriteProcessMemory 请求。 (0x12B)
[0606/122210:WARNING:pe_image_reader.cc(280)] could not read dos header from C:\windows\SYSTEM32\DAVHLPR.DLL
[0606/122210:ERROR:process_reader_win.cc(232)] ReadMemory at 0x74630000 of 64 bytes failed: 仅完成部分的 ReadProcessMemory 或 WriteProcessMemory 请求。 (0x12B)
[0606/122210:WARNING:pe_image_reader.cc(280)] could not read dos header from C:\windows\SYSTEM32\COMDLG32.dll
[0606/122210:ERROR:process_reader_win.cc(232)] ReadMemory at 0x73d00000 of 64 bytes failed: 仅完成部分的 ReadProcessMemory 或 WriteProcessMemory 请求。 (0x12B)
[0606/122210:WARNING:pe_image_reader.cc(280)] could not read dos header from C:\windows\SYSTEM32\IPHLPAPI.DLL
[0606/122210:ERROR:process_reader_win.cc(232)] ReadMemory at 0x753c0000 of 64 bytes failed: 仅完成部分的 ReadProcessMemory 或 WriteProcessMemory 请求。 (0x12B)
[0606/122210:WARNING:pe_image_reader.cc(280)] could not read dos header from C:\windows\SYSTEM32\USP10.dll
[0606/122210:ERROR:process_reader_win.cc(232)] ReadMemory at 0x754a0000 of 64 bytes failed: 仅完成部分的 ReadProcessMemory 或 WriteProcessMemory 请求。 (0x12B)
[0606/122210:WARNING:pe_image_reader.cc(280)] could not read dos header from C:\windows\SYSTEM32\MSASN1.dll
[0606/122210:ERROR:process_reader_win.cc(232)] ReadMemory at 0x77280000 of 64 bytes failed: 仅完成部分的 ReadProcessMemory 或 WriteProcessMemory 请求。 (0x12B)
[0606/122210:WARNING:pe_image_reader.cc(280)] could not read dos header from C:\windows\SYSTEM32\CRYPT32.dll
[0606/122210:ERROR:process_reader_win.cc(232)] ReadMemory at 0x77400000 of 64 bytes failed: 仅完成部分的 ReadProcessMemory 或 WriteProcessMemory 请求。 (0x12B)
[0606/122210:WARNING:pe_image_reader.cc(280)] could not read dos header from C:\windows\SYSTEM32\WINTRUST.dll
[0606/122210:ERROR:process_reader_win.cc(232)] ReadMemory at 0x73ac0000 of 64 bytes failed: 仅完成部分的 ReadProcessMemory 或 WriteProcessMemory 请求。 (0x12B)
[0606/122210:WARNING:pe_image_reader.cc(280)] could not read dos header from C:\windows\SYSTEM32\Secur32.dll
[0606/122210:ERROR:process_reader_win.cc(232)] ReadMemory at 0x64310000 of 64 bytes failed: 仅完成部分的 ReadProcessMemory 或 WriteProcessMemory 请求。 (0x12B)
[0606/122210:WARNING:pe_image_reader.cc(280)] could not read dos header from C:\Program Files (x86)\Google\Chrome\Application\50.0.2661.94\chrome_child.dll
[0606/122210:ERROR:process_reader_win.cc(232)] ReadMemory at 0x6b140000 of 64 bytes failed: 仅完成部分的 ReadProcessMemory 或 WriteProcessMemory 请求。 (0x12B)
[0606/122210:WARNING:pe_image_reader.cc(280)] could not read dos header from C:\windows\SYSTEM32\dwrite.dll
[0606/122210:ERROR:process_reader_win.cc(98)] process 104976 not found
[0606/122210:ERROR:process_reader_win.cc(232)] ReadMemory at 0x140d1b4 of 12 bytes failed: 仅完成部分的 ReadProcessMemory 或 WriteProcessMemory 请求。 (0x12B)
[0606/122210:WARNING:process_snapshot_win.cc(96)] ReadMemory ExceptionInformation failed
[0606/122210:WARNING:crash_report_exception_handler.cc(60)] ProcessSnapshotWin::InitializeException failed
[0606/122210:ERROR:scoped_process_suspend.cc(38)] NtResumeProcess, ntstatus=-1073741558
[0606/135711:ERROR:process_reader_win.cc(232)] ReadMemory at 0x71a55a84 of 35 bytes failed: 仅完成部分的 ReadProcessMemory 或 WriteProcessMemory 请求。 (0x12B)
[0606/135711:WARNING:pe_image_reader.cc(154)] could not read debug directory from C:\windows\SYSTEM32\fwbase.dll
[0606/135711:ERROR:process_reader_win.cc(232)] ReadMemory at 0x71b90000 of 64 bytes failed: 仅完成部分的 ReadProcessMemory 或 WriteProcessMemory 请求。 (0x12B)
[0606/135711:WARNING:pe_image_reader.cc(280)] could not read dos header from C:\windows\SYSTEM32\DAVHLPR.DLL
[0606/135711:ERROR:process_reader_win.cc(232)] ReadMemory at 0x74630000 of 64 bytes failed: 仅完成部分的 ReadProcessMemory 或 WriteProcessMemory 请求。 (0x12B)
[0606/135711:WARNING:pe_image_reader.cc(280)] could not read dos header from C:\windows\SYSTEM32\COMDLG32.dll
[0606/135711:ERROR:process_reader_win.cc(232)] ReadMemory at 0x73d00000 of 64 bytes failed: 仅完成部分的 ReadProcessMemory 或 WriteProcessMemory 请求。 (0x12B)
[0606/135711:WARNING:pe_image_reader.cc(280)] could not read dos header from C:\windows\SYSTEM32\IPHLPAPI.DLL
[0606/135711:ERROR:process_reader_win.cc(232)] ReadMemory at 0x753c0000 of 64 bytes failed: 仅完成部分的 ReadProcessMemory 或 WriteProcessMemory 请求。 (0x12B)
[0606/135711:WARNING:pe_image_reader.cc(280)] could not read dos header from C:\windows\SYSTEM32\USP10.dll
[0606/135711:ERROR:process_reader_win.cc(232)] ReadMemory at 0x754a0000 of 64 bytes failed: 仅完成部分的 ReadProcessMemory 或 WriteProcessMemory 请求。 (0x12B)
[0606/135711:WARNING:pe_image_reader.cc(280)] could not read dos header from C:\windows\SYSTEM32\MSASN1.dll
[0606/135711:ERROR:process_reader_win.cc(232)] ReadMemory at 0x77280000 of 64 bytes failed: 仅完成部分的 ReadProcessMemory 或 WriteProcessMemory 请求。 (0x12B)
[0606/135711:WARNING:pe_image_reader.cc(280)] could not read dos header from C:\windows\SYSTEM32\CRYPT32.dll
[0606/135711:ERROR:process_reader_win.cc(232)] ReadMemory at 0x77400000 of 64 bytes failed: 仅完成部分的 ReadProcessMemory 或 WriteProcessMemory 请求。 (0x12B)
[0606/135711:WARNING:pe_image_reader.cc(280)] could not read dos header from C:\windows\SYSTEM32\WINTRUST.dll
[0606/135711:ERROR:process_reader_win.cc(232)] ReadMemory at 0x73ac0000 of 64 bytes failed: 仅完成部分的 ReadProcessMemory 或 WriteProcessMemory 请求。 (0x12B)
[0606/135711:WARNING:pe_image_reader.cc(280)] could not read dos header from C:\windows\SYSTEM32\Secur32.dll
[0606/135711:ERROR:process_reader_win.cc(232)] ReadMemory at 0x64310000 of 64 bytes failed: 仅完成部分的 ReadProcessMemory 或 WriteProcessMemory 请求。 (0x12B)
[0606/135711:WARNING:pe_image_reader.cc(280)] could not read dos header from C:\Program Files (x86)\Google\Chrome\Application\50.0.2661.94\chrome_child.dll
[0606/135711:ERROR:process_reader_win.cc(232)] ReadMemory at 0x6b140000 of 64 bytes failed: 仅完成部分的 ReadProcessMemory 或 WriteProcessMemory 请求。 (0x12B)
[0606/135711:WARNING:pe_image_reader.cc(280)] could not read dos header from C:\windows\SYSTEM32\dwrite.dll
[0606/135711:ERROR:process_reader_win.cc(232)] ReadMemory at 0x775eab80 of 5888 bytes failed: 仅完成部分的 ReadProcessMemory 或 WriteProcessMemory 请求。 (0x12B)
[0606/135711:ERROR:process_reader_win.cc(232)] ReadMemory at 0x1360000 of 64 bytes failed: 仅完成部分的 ReadProcessMemory 或 WriteProcessMemory 请求。 (0x12B)
[0606/135711:WARNING:pe_image_reader.cc(280)] could not read dos header from C:\Program Files (x86)\Google\Chrome\Application\chrome.exe
[0606/135711:ERROR:process_reader_win.cc(232)] ReadMemory at 0x774e0000 of 64 bytes failed: 仅完成部分的 ReadProcessMemory 或 WriteProcessMemory 请求。 (0x12B)
[0606/135711:WARNING:pe_image_reader.cc(280)] could not read dos header from C:\windows\SYSTEM32\ntdll.dll
[0606/135711:ERROR:process_reader_win.cc(232)] ReadMemory at 0x74ed0000 of 64 bytes failed: 仅完成部分的 ReadProcessMemory 或 WriteProcessMemory 请求。 (0x12B)
[0606/135711:WARNING:pe_image_reader.cc(280)] could not read dos header from C:\windows\SYSTEM32\KERNELBASE.dll
[0606/135711:ERROR:process_reader_win.cc(232)] ReadMemory at 0x75520000 of 64 bytes failed: 仅完成部分的 ReadProcessMemory 或 WriteProcessMemory 请求。 (0x12B)
[0606/135711:WARNING:pe_image_reader.cc(280)] could not read dos header from C:\windows\SYSTEM32\KERNEL32.DLL
[0606/135711:ERROR:process_reader_win.cc(232)] ReadMemory at 0x713c0000 of 64 bytes failed: 仅完成部分的 ReadProcessMemory 或 WriteProcessMemory 请求。 (0x12B)
[0606/135711:WARNING:pe_image_reader.cc(280)] could not read dos header from C:\windows\system32\apphelp.dll
[0606/135711:ERROR:process_reader_win.cc(232)] ReadMemory at 0x74020000 of 64 bytes failed: 仅完成部分的 ReadProcessMemory 或 WriteProcessMemory 请求。 (0x12B)
[0606/135711:WARNING:pe_image_reader.cc(280)] could not read dos header from C:\windows\SYSTEM32\msvcrt.dll
[0606/135711:ERROR:process_reader_win.cc(232)] ReadMemory at 0x754b0000 of 64 bytes failed: 仅完成部分的 ReadProcessMemory 或 WriteProcessMemory 请求。 (0x12B)
[0606/135711:WARNING:pe_image_reader.cc(280)] could not read dos header from C:\windows\SYSTEM32\bcryptPrimitives.dll
[0606/135711:ERROR:process_reader_win.cc(232)] ReadMemory at 0x73ff0000 of 64 bytes failed: 仅完成部分的 ReadProcessMemory 或 WriteProcessMemory 请求。 (0x12B)
[0606/135711:WARNING:pe_image_reader.cc(280)] could not read dos header from C:\windows\SYSTEM32\CRYPTBASE.dll
[0606/135711:ERROR:process_reader_win.cc(232)] ReadMemory at 0x74000000 of 64 bytes failed: 仅完成部分的 ReadProcessMemory 或 WriteProcessMemory 请求。 (0x12B)
[0606/135711:WARNING:pe_image_reader.cc(280)] could not read dos header from C:\windows\SYSTEM32\SspiCli.dll
[0606/135711:ERROR:process_reader_win.cc(232)] ReadMemory at 0x75700000 of 64 bytes failed: 仅完成部分的 ReadProcessMemory 或 WriteProcessMemory 请求。 (0x12B)
[0606/135711:WARNING:pe_image_reader.cc(280)] could not read dos header from C:\windows\SYSTEM32\RPCRT4.dll
[0606/135711:ERROR:process_reader_win.cc(232)] ReadMemory at 0x75210000 of 64 bytes failed: 仅完成部分的 ReadProcessMemory 或 WriteProcessMemory 请求。 (0x12B)
[0606/135711:WARNING:pe_image_reader.cc(280)] could not read dos header from C:\windows\SYSTEM32\sechost.dll
[0606/135711:ERROR:process_reader_win.cc(232)] ReadMemory at 0x75260000 of 64 bytes failed: 仅完成部分的 ReadProcessMemory 或 WriteProcessMemory 请求。 (0x12B)
[0606/135711:WARNING:pe_image_reader.cc(280)] could not read dos header from C:\windows\SYSTEM32\ADVAPI32.dll
[0606/135711:ERROR:process_reader_win.cc(232)] ReadMemory at 0x6daa0000 of 64 bytes failed: 仅完成部分的 ReadProcessMemory 或 WriteProcessMemory 请求。 (0x12B)
[0606/135711:WARNING:pe_image_reader.cc(280)] could not read dos header from C:\Program Files (x86)\Google\Chrome\Application\50.0.2661.94\chrome_elf.dll
[0606/135711:ERROR:process_reader_win.cc(232)] ReadMemory at 0x73fb0000 of 64 bytes failed: 仅完成部分的 ReadProcessMemory 或 WriteProcessMemory 请求。 (0x12B)
[0606/135711:WARNING:pe_image_reader.cc(280)] could not read dos header from C:\windows\SYSTEM32\VERSION.dll
[0606/135711:ERROR:process_reader_win.cc(232)] ReadMemory at 0x76fb0000 of 64 bytes failed: 仅完成部分的 ReadProcessMemory 或 WriteProcessMemory 请求。 (0x12B)
[0606/135711:WARNING:pe_image_reader.cc(280)] could not read dos header from C:\windows\SYSTEM32\cfgmgr32.dll
[0606/135711:ERROR:process_reader_win.cc(232)] ReadMemory at 0x74510000 of 64 bytes failed: 仅完成部分的 ReadProcessMemory 或 WriteProcessMemory 请求。 (0x12B)
[0606/135711:WARNING:pe_image_reader.cc(280)] could not read dos header from C:\windows\SYSTEM32\WINMMBASE.dll
[0606/135711:ERROR:process_reader_win.cc(232)] ReadMemory at 0x76cf0000 of 64 bytes failed: 仅完成部分的 ReadProcessMemory 或 WriteProcessMemory 请求。 (0x12B)
[0606/135711:WARNING:pe_image_reader.cc(280)] could not read dos header from C:\windows\SYSTEM32\GDI32.dll
[0606/135711:ERROR:process_reader_win.cc(232)] ReadMemory at 0x74c40000 of 64 bytes failed: 仅完成部分的 ReadProcessMemory 或 WriteProcessMemory 请求。 (0x12B)
[0606/135711:WARNING:pe_image_reader.cc(280)] could not read dos header from C:\windows\SYSTEM32\USER32.dll
[0606/135711:ERROR:process_reader_win.cc(232)] ReadMemory at 0x76ff0000 of 64 bytes failed: 仅完成部分的 ReadProcessMemory 或 WriteProcessMemory 请求。 (0x12B)
[0606/135711:WARNING:pe_image_reader.cc(280)] could not read dos header from C:\windows\SYSTEM32\IMM32.DLL
[0606/135711:ERROR:process_reader_win.cc(232)] ReadMemory at 0x752e0000 of 64 bytes failed: 仅完成部分的 ReadProcessMemory 或 WriteProcessMemory 请求。 (0x12B)
[0606/135711:WARNING:pe_image_reader.cc(280)] could not read dos header from C:\windows\SYSTEM32\WINMM.dll
[0606/135711:ERROR:process_reader_win.cc(232)] ReadMemory at 0x77260000 of 64 bytes failed: 仅完成部分的 ReadProcessMemory 或 WriteProcessMemory 请求。 (0x12B)
[0606/135711:WARNING:pe_image_reader.cc(280)] could not read dos header from C:\windows\SYSTEM32\profapi.dll
[0606/135711:ERROR:process_reader_win.cc(232)] ReadMemory at 0x73ec0000 of 64 bytes failed: 仅完成部分的 ReadProcessMemory 或 WriteProcessMemory 请求。 (0x12B)
[0606/135711:WARNING:pe_image_reader.cc(280)] could not read dos header from C:\windows\SYSTEM32\USERENV.dll
[0606/135711:ERROR:process_reader_win.cc(232)] ReadMemory at 0x73ee0000 of 64 bytes failed: 仅完成部分的 ReadProcessMemory 或 WriteProcessMemory 请求。 (0x12B)
[0606/135711:WARNING:pe_image_reader.cc(280)] could not read dos header from C:\windows\SYSTEM32\WTSAPI32.dll
[0606/135711:ERROR:process_reader_win.cc(232)] ReadMemory at 0x72230000 of 64 bytes failed: 仅完成部分的 ReadProcessMemory 或 WriteProcessMemory 请求。 (0x12B)
[0606/135711:WARNING:pe_image_reader.cc(280)] could not read dos header from C:\windows\SYSTEM32\WINHTTP.dll
[0606/135711:ERROR:process_reader_win.cc(232)] ReadMemory at 0x75050000 of 64 bytes failed: 仅完成部分的 ReadProcessMemory 或 WriteProcessMemory 请求。 (0x12B)
[0606/135711:WARNING:pe_image_reader.cc(280)] could not read dos header from C:\windows\SYSTEM32\combase.dll
[0606/135711:ERROR:process_reader_win.cc(232)] ReadMemory at 0x75310000 of 64 bytes failed: 仅完成部分的 ReadProcessMemory 或 WriteProcessMemory 请求。 (0x12B)
[0606/135711:WARNING:pe_image_reader.cc(280)] could not read dos header from C:\windows\SYSTEM32\shlwapi.dll
[0606/135711:ERROR:process_reader_win.cc(232)] ReadMemory at 0x74730000 of 64 bytes failed: 仅完成部分的 ReadProcessMemory 或 WriteProcessMemory 请求。 (0x12B)
[0606/135711:WARNING:pe_image_reader.cc(280)] could not read dos header from C:\windows\SYSTEM32\kernel.appcore.dll
[0606/135711:ERROR:process_reader_win.cc(232)] ReadMemory at 0x771d0000 of 64 bytes failed: 仅完成部分的 ReadProcessMemory 或 WriteProcessMemory 请求。 (0x12B)
[0606/135711:WARNING:pe_image_reader.cc(280)] could not read dos header from C:\windows\SYSTEM32\shcore.dll
[0606/135711:ERROR:process_reader_win.cc(232)] ReadMemory at 0x74df0000 of 64 bytes failed: 仅完成部分的 ReadProcessMemory 或 WriteProcessMemory 请求。 (0x12B)
[0606/135711:WARNING:pe_image_reader.cc(280)] could not read dos header from C:\windows\SYSTEM32\powrprof.dll
[0606/135711:ERROR:process_reader_win.cc(232)] ReadMemory at 0x74740000 of 64 bytes failed: 仅完成部分的 ReadProcessMemory 或 WriteProcessMemory 请求。 (0x12B)
[0606/135711:WARNING:pe_image_reader.cc(280)] could not read dos header from C:\windows\SYSTEM32\windows.storage.dll
[0606/135711:ERROR:process_reader_win.cc(232)] ReadMemory at 0x757b0000 of 64 bytes failed: 仅完成部分的 ReadProcessMemory 或 WriteProcessMemory 请求。 (0x12B)
[0606/135711:WARNING:pe_image_reader.cc(280)] could not read dos header from C:\windows\SYSTEM32\SHELL32.dll
[0606/135711:ERROR:process_reader_win.cc(232)] ReadMemory at 0x770e0000 of 64 bytes failed: 仅完成部分的 ReadProcessMemory 或 WriteProcessMemory 请求。 (0x12B)
[0606/135711:WARNING:pe_image_reader.cc(280)] could not read dos header from C:\windows\SYSTEM32\ole32.dll
[0606/135711:ERROR:process_reader_win.cc(232)] ReadMemory at 0x75660000 of 64 bytes failed: 仅完成部分的 ReadProcessMemory 或 WriteProcessMemory 请求。 (0x12B)
[0606/135711:WARNING:pe_image_reader.cc(280)] could not read dos header from C:\windows\SYSTEM32\OLEAUT32.dll
[0606/135711:ERROR:process_reader_win.cc(232)] ReadMemory at 0x75510000 of 64 bytes failed: 仅完成部分的 ReadProcessMemory 或 WriteProcessMemory 请求。 (0x12B)
[0606/135711:WARNING:pe_image_reader.cc(280)] could not read dos header from C:\windows\SYSTEM32\PSAPI.DLL
[0606/135711:ERROR:process_reader_win.cc(232)] ReadMemory at 0x75440000 of 64 bytes failed: 仅完成部分的 ReadProcessMemory 或 WriteProcessMemory 请求。 (0x12B)
[0606/135711:WARNING:pe_image_reader.cc(280)] could not read dos header from C:\windows\SYSTEM32\WS2_32.dll
[0606/135711:ERROR:process_reader_win.cc(232)] ReadMemory at 0x77020000 of 64 bytes failed: 仅完成部分的 ReadProcessMemory 或 WriteProcessMemory 请求。 (0x12B)
[0606/135711:WARNING:pe_image_reader.cc(280)] could not read dos header from C:\windows\SYSTEM32\NETAPI32.dll
[0606/135711:ERROR:process_reader_win.cc(232)] ReadMemory at 0x73a20000 of 64 bytes failed: 仅完成部分的 ReadProcessMemory 或 WriteProcessMemory 请求。 (0x12B)
[0606/135711:WARNING:pe_image_reader.cc(280)] could not read dos header from C:\windows\SYSTEM32\NETUTILS.DLL
[0606/135711:ERROR:process_reader_win.cc(232)] ReadMemory at 0x723a0000 of 64 bytes failed: 仅完成部分的 ReadProcessMemory 或 WriteProcessMemory 请求。 (0x12B)
[0606/135711:WARNING:pe_image_reader.cc(280)] could not read dos header from C:\windows\SYSTEM32\bcrypt.dll
[0606/135711:ERROR:process_reader_win.cc(232)] ReadMemory at 0x723c0000 of 64 bytes failed: 仅完成部分的 ReadProcessMemory 或 WriteProcessMemory 请求。 (0x12B)
[0606/135711:WARNING:pe_image_reader.cc(280)] could not read dos header from C:\windows\SYSTEM32\WKSCLI.DLL
[0606/135711:ERROR:process_reader_win.cc(232)] ReadMemory at 0x723e0000 of 64 bytes failed: 仅完成部分的 ReadProcessMemory 或 WriteProcessMemory 请求。 (0x12B)
[0606/135711:WARNING:pe_image_reader.cc(280)] could not read dos header from C:\Program Files (x86)\360\360Safe\safemon\safemon.dll
[0606/135711:ERROR:process_reader_win.cc(232)] ReadMemory at 0x6c380000 of 64 bytes failed: 仅完成部分的 ReadProcessMemory 或 WriteProcessMemory 请求。 (0x12B)
[0606/135711:WARNING:pe_image_reader.cc(280)] could not read dos header from C:\Program Files (x86)\360\360Safe\safemon\iNetSafe.dll
[0606/135711:ERROR:process_reader_win.cc(232)] ReadMemory at 0x70eb0000 of 64 bytes failed: 仅完成部分的 ReadProcessMemory 或 WriteProcessMemory 请求。 (0x12B)
[0606/135711:WARNING:pe_image_reader.cc(280)] could not read dos header from C:\windows\SYSTEM32\WINSPOOL.DRV
[0606/135711:ERROR:process_reader_win.cc(232)] ReadMemory at 0x6e750000 of 64 bytes failed: 仅完成部分的 ReadProcessMemory 或 WriteProcessMemory 请求。 (0x12B)
[0606/135711:WARNING:pe_image_reader.cc(280)] could not read dos header from C:\windows\WinSxS\x86_microsoft.windows.common-controls_6595b64144ccf1df_6.0.10586.0_none_d3c2e4e965da4528\COMCTL32.dll
[0606/135711:ERROR:process_reader_win.cc(232)] ReadMemory at 0x75360000 of 64 bytes failed: 仅完成部分的 ReadProcessMemory 或 WriteProcessMemory 请求。 (0x12B)
[0606/135711:WARNING:pe_image_reader.cc(280)] could not read dos header from C:\windows\SYSTEM32\FirewallAPI.dll
[0606/135711:ERROR:process_reader_win.cc(232)] ReadMemory at 0x71a50000 of 64 bytes failed: 仅完成部分的 ReadProcessMemory 或 WriteProcessMemory 请求。 (0x12B)
[0606/135711:WARNING:pe_image_reader.cc(280)] could not read dos header from C:\windows\SYSTEM32\fwbase.dll
[0606/135711:ERROR:process_reader_win.cc(232)] ReadMemory at 0x71b90000 of 64 bytes failed: 仅完成部分的 ReadProcessMemory 或 WriteProcessMemory 请求。 (0x12B)
[0606/135711:WARNING:pe_image_reader.cc(280)] could not read dos header from C:\windows\SYSTEM32\DAVHLPR.DLL
[0606/135711:ERROR:process_reader_win.cc(232)] ReadMemory at 0x74630000 of 64 bytes failed: 仅完成部分的 ReadProcessMemory 或 WriteProcessMemory 请求。 (0x12B)
[0606/135711:WARNING:pe_image_reader.cc(280)] could not read dos header from C:\windows\SYSTEM32\COMDLG32.dll
[0606/135711:ERROR:process_reader_win.cc(232)] ReadMemory at 0x73d00000 of 64 bytes failed: 仅完成部分的 ReadProcessMemory 或 WriteProcessMemory 请求。 (0x12B)
[0606/135711:WARNING:pe_image_reader.cc(280)] could not read dos header from C:\windows\SYSTEM32\IPHLPAPI.DLL
[0606/135711:ERROR:process_reader_win.cc(232)] ReadMemory at 0x753c0000 of 64 bytes failed: 仅完成部分的 ReadProcessMemory 或 WriteProcessMemory 请求。 (0x12B)
[0606/135711:WARNING:pe_image_reader.cc(280)] could not read dos header from C:\windows\SYSTEM32\USP10.dll
[0606/135711:ERROR:process_reader_win.cc(232)] ReadMemory at 0x754a0000 of 64 bytes failed: 仅完成部分的 ReadProcessMemory 或 WriteProcessMemory 请求。 (0x12B)
[0606/135711:WARNING:pe_image_reader.cc(280)] could not read dos header from C:\windows\SYSTEM32\MSASN1.dll
[0606/135711:ERROR:process_reader_win.cc(232)] ReadMemory at 0x77280000 of 64 bytes failed: 仅完成部分的 ReadProcessMemory 或 WriteProcessMemory 请求。 (0x12B)
[0606/135711:WARNING:pe_image_reader.cc(280)] could not read dos header from C:\windows\SYSTEM32\CRYPT32.dll
[0606/135711:ERROR:process_reader_win.cc(232)] ReadMemory at 0x77400000 of 64 bytes failed: 仅完成部分的 ReadProcessMemory 或 WriteProcessMemory 请求。 (0x12B)
[0606/135711:WARNING:pe_image_reader.cc(280)] could not read dos header from C:\windows\SYSTEM32\WINTRUST.dll
[0606/135711:ERROR:process_reader_win.cc(232)] ReadMemory at 0x73ac0000 of 64 bytes failed: 仅完成部分的 ReadProcessMemory 或 WriteProcessMemory 请求。 (0x12B)
[0606/135711:WARNING:pe_image_reader.cc(280)] could not read dos header from C:\windows\SYSTEM32\Secur32.dll
[0606/135711:ERROR:process_reader_win.cc(232)] ReadMemory at 0x64310000 of 64 bytes failed: 仅完成部分的 ReadProcessMemory 或 WriteProcessMemory 请求。 (0x12B)
[0606/135711:WARNING:pe_image_reader.cc(280)] could not read dos header from C:\Program Files (x86)\Google\Chrome\Application\50.0.2661.94\chrome_child.dll
[0606/135711:ERROR:process_reader_win.cc(232)] ReadMemory at 0x6b140000 of 64 bytes failed: 仅完成部分的 ReadProcessMemory 或 WriteProcessMemory 请求。 (0x12B)
[0606/135711:WARNING:pe_image_reader.cc(280)] could not read dos header from C:\windows\SYSTEM32\dwrite.dll
[0606/135711:ERROR:process_reader_win.cc(98)] process 120652 not found
[0606/135711:ERROR:process_reader_win.cc(232)] ReadMemory at 0x140d1b4 of 12 bytes failed: 仅完成部分的 ReadProcessMemory 或 WriteProcessMemory 请求。 (0x12B)
[0606/135711:WARNING:process_snapshot_win.cc(96)] ReadMemory ExceptionInformation failed
[0606/135711:WARNING:crash_report_exception_handler.cc(60)] ProcessSnapshotWin::InitializeException failed
[0606/135711:ERROR:scoped_process_suspend.cc(38)] NtResumeProcess, ntstatus=-1073741558
[0606/173429:ERROR:process_reader_win.cc(98)] process 131192 not found
[0606/173430:ERROR:process_reader_win.cc(232)] ReadMemory at 0x140d1b4 of 12 bytes failed: 仅完成部分的 ReadProcessMemory 或 WriteProcessMemory 请求。 (0x12B)
[0606/173430:WARNING:process_snapshot_win.cc(96)] ReadMemory ExceptionInformation failed
[0606/173430:WARNING:crash_report_exception_handler.cc(60)] ProcessSnapshotWin::InitializeException failed
[0606/173430:ERROR:scoped_process_suspend.cc(38)] NtResumeProcess, ntstatus=-1073741558
[0606/184723:ERROR:process_reader_win.cc(232)] ReadMemory at 0x71a55a84 of 35 bytes failed: 仅完成部分的 ReadProcessMemory 或 WriteProcessMemory 请求。 (0x12B)
[0606/184723:WARNING:pe_image_reader.cc(154)] could not read debug directory from C:\windows\SYSTEM32\fwbase.dll
[0606/184723:ERROR:process_reader_win.cc(232)] ReadMemory at 0x71b90000 of 64 bytes failed: 仅完成部分的 ReadProcessMemory 或 WriteProcessMemory 请求。 (0x12B)
[0606/184723:WARNING:pe_image_reader.cc(280)] could not read dos header from C:\windows\SYSTEM32\DAVHLPR.DLL
[0606/184723:ERROR:process_reader_win.cc(232)] ReadMemory at 0x74630000 of 64 bytes failed: 仅完成部分的 ReadProcessMemory 或 WriteProcessMemory 请求。 (0x12B)
[0606/184723:WARNING:pe_image_reader.cc(280)] could not read dos header from C:\windows\SYSTEM32\COMDLG32.dll
[0606/184723:ERROR:process_reader_win.cc(232)] ReadMemory at 0x73d00000 of 64 bytes failed: 仅完成部分的 ReadProcessMemory 或 WriteProcessMemory 请求。 (0x12B)
[0606/184723:WARNING:pe_image_reader.cc(280)] could not read dos header from C:\windows\SYSTEM32\IPHLPAPI.DLL
[0606/184723:ERROR:process_reader_win.cc(232)] ReadMemory at 0x753c0000 of 64 bytes failed: 仅完成部分的 ReadProcessMemory 或 WriteProcessMemory 请求。 (0x12B)
[0606/184723:WARNING:pe_image_reader.cc(280)] could not read dos header from C:\windows\SYSTEM32\USP10.dll
[0606/184723:ERROR:process_reader_win.cc(232)] ReadMemory at 0x754a0000 of 64 bytes failed: 仅完成部分的 ReadProcessMemory 或 WriteProcessMemory 请求。 (0x12B)
[0606/184723:WARNING:pe_image_reader.cc(280)] could not read dos header from C:\windows\SYSTEM32\MSASN1.dll
[0606/184723:ERROR:process_reader_win.cc(232)] ReadMemory at 0x77280000 of 64 bytes failed: 仅完成部分的 ReadProcessMemory 或 WriteProcessMemory 请求。 (0x12B)
[0606/184723:WARNING:pe_image_reader.cc(280)] could not read dos header from C:\windows\SYSTEM32\CRYPT32.dll
[0606/184723:ERROR:process_reader_win.cc(232)] ReadMemory at 0x77400000 of 64 bytes failed: 仅完成部分的 ReadProcessMemory 或 WriteProcessMemory 请求。 (0x12B)
[0606/184723:WARNING:pe_image_reader.cc(280)] could not read dos header from C:\windows\SYSTEM32\WINTRUST.dll
[0606/184723:ERROR:process_reader_win.cc(232)] ReadMemory at 0x73ac0000 of 64 bytes failed: 仅完成部分的 ReadProcessMemory 或 WriteProcessMemory 请求。 (0x12B)
[0606/184723:WARNING:pe_image_reader.cc(280)] could not read dos header from C:\windows\SYSTEM32\Secur32.dll
[0606/184723:ERROR:process_reader_win.cc(232)] ReadMemory at 0x64310000 of 64 bytes failed: 仅完成部分的 ReadProcessMemory 或 WriteProcessMemory 请求。 (0x12B)
[0606/184723:WARNING:pe_image_reader.cc(280)] could not read dos header from C:\Program Files (x86)\Google\Chrome\Application\50.0.2661.94\chrome_child.dll
[0606/184723:ERROR:process_reader_win.cc(232)] ReadMemory at 0x6b140000 of 64 bytes failed: 仅完成部分的 ReadProcessMemory 或 WriteProcessMemory 请求。 (0x12B)
[0606/184723:WARNING:pe_image_reader.cc(280)] could not read dos header from C:\windows\SYSTEM32\dwrite.dll
[0606/184723:ERROR:process_reader_win.cc(232)] ReadMemory at 0x775eab80 of 5888 bytes failed: 仅完成部分的 ReadProcessMemory 或 WriteProcessMemory 请求。 (0x12B)
[0606/184723:ERROR:process_reader_win.cc(232)] ReadMemory at 0x1360000 of 64 bytes failed: 仅完成部分的 ReadProcessMemory 或 WriteProcessMemory 请求。 (0x12B)
[0606/184723:WARNING:pe_image_reader.cc(280)] could not read dos header from C:\Program Files (x86)\Google\Chrome\Application\chrome.exe
[0606/184723:ERROR:process_reader_win.cc(232)] ReadMemory at 0x774e0000 of 64 bytes failed: 仅完成部分的 ReadProcessMemory 或 WriteProcessMemory 请求。 (0x12B)
[0606/184723:WARNING:pe_image_reader.cc(280)] could not read dos header from C:\windows\SYSTEM32\ntdll.dll
[0606/184723:ERROR:process_reader_win.cc(232)] ReadMemory at 0x74ed0000 of 64 bytes failed: 仅完成部分的 ReadProcessMemory 或 WriteProcessMemory 请求。 (0x12B)
[0606/184723:WARNING:pe_image_reader.cc(280)] could not read dos header from C:\windows\SYSTEM32\KERNELBASE.dll
[0606/184723:ERROR:process_reader_win.cc(232)] ReadMemory at 0x75520000 of 64 bytes failed: 仅完成部分的 ReadProcessMemory 或 WriteProcessMemory 请求。 (0x12B)
[0606/184723:WARNING:pe_image_reader.cc(280)] could not read dos header from C:\windows\SYSTEM32\KERNEL32.DLL
[0606/184723:ERROR:process_reader_win.cc(232)] ReadMemory at 0x713c0000 of 64 bytes failed: 仅完成部分的 ReadProcessMemory 或 WriteProcessMemory 请求。 (0x12B)
[0606/184723:WARNING:pe_image_reader.cc(280)] could not read dos header from C:\windows\system32\apphelp.dll
[0606/184723:ERROR:process_reader_win.cc(232)] ReadMemory at 0x74020000 of 64 bytes failed: 仅完成部分的 ReadProcessMemory 或 WriteProcessMemory 请求。 (0x12B)
[0606/184723:WARNING:pe_image_reader.cc(280)] could not read dos header from C:\windows\SYSTEM32\msvcrt.dll
[0606/184723:ERROR:process_reader_win.cc(232)] ReadMemory at 0x754b0000 of 64 bytes failed: 仅完成部分的 ReadProcessMemory 或 WriteProcessMemory 请求。 (0x12B)
[0606/184723:WARNING:pe_image_reader.cc(280)] could not read dos header from C:\windows\SYSTEM32\bcryptPrimitives.dll
[0606/184723:ERROR:process_reader_win.cc(232)] ReadMemory at 0x73ff0000 of 64 bytes failed: 仅完成部分的 ReadProcessMemory 或 WriteProcessMemory 请求。 (0x12B)
[0606/184723:WARNING:pe_image_reader.cc(280)] could not read dos header from C:\windows\SYSTEM32\CRYPTBASE.dll
[0606/184723:ERROR:process_reader_win.cc(232)] ReadMemory at 0x74000000 of 64 bytes failed: 仅完成部分的 ReadProcessMemory 或 WriteProcessMemory 请求。 (0x12B)
[0606/184723:WARNING:pe_image_reader.cc(280)] could not read dos header from C:\windows\SYSTEM32\SspiCli.dll
[0606/184723:ERROR:process_reader_win.cc(232)] ReadMemory at 0x75700000 of 64 bytes failed: 仅完成部分的 ReadProcessMemory 或 WriteProcessMemory 请求。 (0x12B)
[0606/184723:WARNING:pe_image_reader.cc(280)] could not read dos header from C:\windows\SYSTEM32\RPCRT4.dll
[0606/184723:ERROR:process_reader_win.cc(232)] ReadMemory at 0x75210000 of 64 bytes failed: 仅完成部分的 ReadProcessMemory 或 WriteProcessMemory 请求。 (0x12B)
[0606/184723:WARNING:pe_image_reader.cc(280)] could not read dos header from C:\windows\SYSTEM32\sechost.dll
[0606/184723:ERROR:process_reader_win.cc(232)] ReadMemory at 0x75260000 of 64 bytes failed: 仅完成部分的 ReadProcessMemory 或 WriteProcessMemory 请求。 (0x12B)
[0606/184723:WARNING:pe_image_reader.cc(280)] could not read dos header from C:\windows\SYSTEM32\ADVAPI32.dll
[0606/184723:ERROR:process_reader_win.cc(232)] ReadMemory at 0x6daa0000 of 64 bytes failed: 仅完成部分的 ReadProcessMemory 或 WriteProcessMemory 请求。 (0x12B)
[0606/184723:WARNING:pe_image_reader.cc(280)] could not read dos header from C:\Program Files (x86)\Google\Chrome\Application\50.0.2661.94\chrome_elf.dll
[0606/184723:ERROR:process_reader_win.cc(232)] ReadMemory at 0x73fb0000 of 64 bytes failed: 仅完成部分的 ReadProcessMemory 或 WriteProcessMemory 请求。 (0x12B)
[0606/184723:WARNING:pe_image_reader.cc(280)] could not read dos header from C:\windows\SYSTEM32\VERSION.dll
[0606/184723:ERROR:process_reader_win.cc(232)] ReadMemory at 0x76fb0000 of 64 bytes failed: 仅完成部分的 ReadProcessMemory 或 WriteProcessMemory 请求。 (0x12B)
[0606/184723:WARNING:pe_image_reader.cc(280)] could not read dos header from C:\windows\SYSTEM32\cfgmgr32.dll
[0606/184723:ERROR:process_reader_win.cc(232)] ReadMemory at 0x74510000 of 64 bytes failed: 仅完成部分的 ReadProcessMemory 或 WriteProcessMemory 请求。 (0x12B)
[0606/184723:WARNING:pe_image_reader.cc(280)] could not read dos header from C:\windows\SYSTEM32\WINMMBASE.dll
[0606/184723:ERROR:process_reader_win.cc(232)] ReadMemory at 0x76cf0000 of 64 bytes failed: 仅完成部分的 ReadProcessMemory 或 WriteProcessMemory 请求。 (0x12B)
[0606/184723:WARNING:pe_image_reader.cc(280)] could not read dos header from C:\windows\SYSTEM32\GDI32.dll
[0606/184723:ERROR:process_reader_win.cc(232)] ReadMemory at 0x74c40000 of 64 bytes failed: 仅完成部分的 ReadProcessMemory 或 WriteProcessMemory 请求。 (0x12B)
[0606/184723:WARNING:pe_image_reader.cc(280)] could not read dos header from C:\windows\SYSTEM32\USER32.dll
[0606/184723:ERROR:process_reader_win.cc(232)] ReadMemory at 0x76ff0000 of 64 bytes failed: 仅完成部分的 ReadProcessMemory 或 WriteProcessMemory 请求。 (0x12B)
[0606/184723:WARNING:pe_image_reader.cc(280)] could not read dos header from C:\windows\SYSTEM32\IMM32.DLL
[0606/184723:ERROR:process_reader_win.cc(232)] ReadMemory at 0x752e0000 of 64 bytes failed: 仅完成部分的 ReadProcessMemory 或 WriteProcessMemory 请求。 (0x12B)
[0606/184723:WARNING:pe_image_reader.cc(280)] could not read dos header from C:\windows\SYSTEM32\WINMM.dll
[0606/184723:ERROR:process_reader_win.cc(232)] ReadMemory at 0x77260000 of 64 bytes failed: 仅完成部分的 ReadProcessMemory 或 WriteProcessMemory 请求。 (0x12B)
[0606/184723:WARNING:pe_image_reader.cc(280)] could not read dos header from C:\windows\SYSTEM32\profapi.dll
[0606/184723:ERROR:process_reader_win.cc(232)] ReadMemory at 0x73ec0000 of 64 bytes failed: 仅完成部分的 ReadProcessMemory 或 WriteProcessMemory 请求。 (0x12B)
[0606/184723:WARNING:pe_image_reader.cc(280)] could not read dos header from C:\windows\SYSTEM32\USERENV.dll
[0606/184723:ERROR:process_reader_win.cc(232)] ReadMemory at 0x73ee0000 of 64 bytes failed: 仅完成部分的 ReadProcessMemory 或 WriteProcessMemory 请求。 (0x12B)
[0606/184723:WARNING:pe_image_reader.cc(280)] could not read dos header from C:\windows\SYSTEM32\WTSAPI32.dll
[0606/184723:ERROR:process_reader_win.cc(232)] ReadMemory at 0x72230000 of 64 bytes failed: 仅完成部分的 ReadProcessMemory 或 WriteProcessMemory 请求。 (0x12B)
[0606/184723:WARNING:pe_image_reader.cc(280)] could not read dos header from C:\windows\SYSTEM32\WINHTTP.dll
[0606/184723:ERROR:process_reader_win.cc(232)] ReadMemory at 0x75050000 of 64 bytes failed: 仅完成部分的 ReadProcessMemory 或 WriteProcessMemory 请求。 (0x12B)
[0606/184723:WARNING:pe_image_reader.cc(280)] could not read dos header from C:\windows\SYSTEM32\combase.dll
[0606/184723:ERROR:process_reader_win.cc(232)] ReadMemory at 0x75310000 of 64 bytes failed: 仅完成部分的 ReadProcessMemory 或 WriteProcessMemory 请求。 (0x12B)
[0606/184723:WARNING:pe_image_reader.cc(280)] could not read dos header from C:\windows\SYSTEM32\shlwapi.dll
[0606/184723:ERROR:process_reader_win.cc(232)] ReadMemory at 0x74730000 of 64 bytes failed: 仅完成部分的 ReadProcessMemory 或 WriteProcessMemory 请求。 (0x12B)
[0606/184723:WARNING:pe_image_reader.cc(280)] could not read dos header from C:\windows\SYSTEM32\kernel.appcore.dll
[0606/184723:ERROR:process_reader_win.cc(232)] ReadMemory at 0x771d0000 of 64 bytes failed: 仅完成部分的 ReadProcessMemory 或 WriteProcessMemory 请求。 (0x12B)
[0606/184723:WARNING:pe_image_reader.cc(280)] could not read dos header from C:\windows\SYSTEM32\shcore.dll
[0606/184723:ERROR:process_reader_win.cc(232)] ReadMemory at 0x74df0000 of 64 bytes failed: 仅完成部分的 ReadProcessMemory 或 WriteProcessMemory 请求。 (0x12B)
[0606/184723:WARNING:pe_image_reader.cc(280)] could not read dos header from C:\windows\SYSTEM32\powrprof.dll
[0606/184723:ERROR:process_reader_win.cc(232)] ReadMemory at 0x74740000 of 64 bytes failed: 仅完成部分的 ReadProcessMemory 或 WriteProcessMemory 请求。 (0x12B)
[0606/184723:WARNING:pe_image_reader.cc(280)] could not read dos header from C:\windows\SYSTEM32\windows.storage.dll
[0606/184723:ERROR:process_reader_win.cc(232)] ReadMemory at 0x757b0000 of 64 bytes failed: 仅完成部分的 ReadProcessMemory 或 WriteProcessMemory 请求。 (0x12B)
[0606/184723:WARNING:pe_image_reader.cc(280)] could not read dos header from C:\windows\SYSTEM32\SHELL32.dll
[0606/184723:ERROR:process_reader_win.cc(232)] ReadMemory at 0x770e0000 of 64 bytes failed: 仅完成部分的 ReadProcessMemory 或 WriteProcessMemory 请求。 (0x12B)
[0606/184723:WARNING:pe_image_reader.cc(280)] could not read dos header from C:\windows\SYSTEM32\ole32.dll
[0606/184723:ERROR:process_reader_win.cc(232)] ReadMemory at 0x75660000 of 64 bytes failed: 仅完成部分的 ReadProcessMemory 或 WriteProcessMemory 请求。 (0x12B)
[0606/184723:WARNING:pe_image_reader.cc(280)] could not read dos header from C:\windows\SYSTEM32\OLEAUT32.dll
[0606/184723:ERROR:process_reader_win.cc(232)] ReadMemory at 0x75510000 of 64 bytes failed: 仅完成部分的 ReadProcessMemory 或 WriteProcessMemory 请求。 (0x12B)
[0606/184723:WARNING:pe_image_reader.cc(280)] could not read dos header from C:\windows\SYSTEM32\PSAPI.DLL
[0606/184723:ERROR:process_reader_win.cc(232)] ReadMemory at 0x75440000 of 64 bytes failed: 仅完成部分的 ReadProcessMemory 或 WriteProcessMemory 请求。 (0x12B)
[0606/184723:WARNING:pe_image_reader.cc(280)] could not read dos header from C:\windows\SYSTEM32\WS2_32.dll
[0606/184723:ERROR:process_reader_win.cc(232)] ReadMemory at 0x77020000 of 64 bytes failed: 仅完成部分的 ReadProcessMemory 或 WriteProcessMemory 请求。 (0x12B)
[0606/184723:WARNING:pe_image_reader.cc(280)] could not read dos header from C:\windows\SYSTEM32\NETAPI32.dll
[0606/184723:ERROR:process_reader_win.cc(232)] ReadMemory at 0x73a20000 of 64 bytes failed: 仅完成部分的 ReadProcessMemory 或 WriteProcessMemory 请求。 (0x12B)
[0606/184723:WARNING:pe_image_reader.cc(280)] could not read dos header from C:\windows\SYSTEM32\NETUTILS.DLL
[0606/184723:ERROR:process_reader_win.cc(232)] ReadMemory at 0x723a0000 of 64 bytes failed: 仅完成部分的 ReadProcessMemory 或 WriteProcessMemory 请求。 (0x12B)
[0606/184723:WARNING:pe_image_reader.cc(280)] could not read dos header from C:\windows\SYSTEM32\bcrypt.dll
[0606/184723:ERROR:process_reader_win.cc(232)] ReadMemory at 0x723c0000 of 64 bytes failed: 仅完成部分的 ReadProcessMemory 或 WriteProcessMemory 请求。 (0x12B)
[0606/184723:WARNING:pe_image_reader.cc(280)] could not read dos header from C:\windows\SYSTEM32\WKSCLI.DLL
[0606/184723:ERROR:process_reader_win.cc(232)] ReadMemory at 0x723e0000 of 64 bytes failed: 仅完成部分的 ReadProcessMemory 或 WriteProcessMemory 请求。 (0x12B)
[0606/184723:WARNING:pe_image_reader.cc(280)] could not read dos header from C:\Program Files (x86)\360\360Safe\safemon\safemon.dll
[0606/184723:ERROR:process_reader_win.cc(232)] ReadMemory at 0x6c380000 of 64 bytes failed: 仅完成部分的 ReadProcessMemory 或 WriteProcessMemory 请求。 (0x12B)
[0606/184723:WARNING:pe_image_reader.cc(280)] could not read dos header from C:\Program Files (x86)\360\360Safe\safemon\iNetSafe.dll
[0606/184723:ERROR:process_reader_win.cc(232)] ReadMemory at 0x70eb0000 of 64 bytes failed: 仅完成部分的 ReadProcessMemory 或 WriteProcessMemory 请求。 (0x12B)
[0606/184723:WARNING:pe_image_reader.cc(280)] could not read dos header from C:\windows\SYSTEM32\WINSPOOL.DRV
[0606/184723:ERROR:process_reader_win.cc(232)] ReadMemory at 0x6e750000 of 64 bytes failed: 仅完成部分的 ReadProcessMemory 或 WriteProcessMemory 请求。 (0x12B)
[0606/184723:WARNING:pe_image_reader.cc(280)] could not read dos header from C:\windows\WinSxS\x86_microsoft.windows.common-controls_6595b64144ccf1df_6.0.10586.0_none_d3c2e4e965da4528\COMCTL32.dll
[0606/184723:ERROR:process_reader_win.cc(232)] ReadMemory at 0x75360000 of 64 bytes failed: 仅完成部分的 ReadProcessMemory 或 WriteProcessMemory 请求。 (0x12B)
[0606/184723:WARNING:pe_image_reader.cc(280)] could not read dos header from C:\windows\SYSTEM32\FirewallAPI.dll
[0606/184723:ERROR:process_reader_win.cc(232)] ReadMemory at 0x71a50000 of 64 bytes failed: 仅完成部分的 ReadProcessMemory 或 WriteProcessMemory 请求。 (0x12B)
[0606/184723:WARNING:pe_image_reader.cc(280)] could not read dos header from C:\windows\SYSTEM32\fwbase.dll
[0606/184723:ERROR:process_reader_win.cc(232)] ReadMemory at 0x71b90000 of 64 bytes failed: 仅完成部分的 ReadProcessMemory 或 WriteProcessMemory 请求。 (0x12B)
[0606/184723:WARNING:pe_image_reader.cc(280)] could not read dos header from C:\windows\SYSTEM32\DAVHLPR.DLL
[0606/184723:ERROR:process_reader_win.cc(232)] ReadMemory at 0x74630000 of 64 bytes failed: 仅完成部分的 ReadProcessMemory 或 WriteProcessMemory 请求。 (0x12B)
[0606/184723:WARNING:pe_image_reader.cc(280)] could not read dos header from C:\windows\SYSTEM32\COMDLG32.dll
[0606/184723:ERROR:process_reader_win.cc(232)] ReadMemory at 0x73d00000 of 64 bytes failed: 仅完成部分的 ReadProcessMemory 或 WriteProcessMemory 请求。 (0x12B)
[0606/184723:WARNING:pe_image_reader.cc(280)] could not read dos header from C:\windows\SYSTEM32\IPHLPAPI.DLL
[0606/184723:ERROR:process_reader_win.cc(232)] ReadMemory at 0x753c0000 of 64 bytes failed: 仅完成部分的 ReadProcessMemory 或 WriteProcessMemory 请求。 (0x12B)
[0606/184723:WARNING:pe_image_reader.cc(280)] could not read dos header from C:\windows\SYSTEM32\USP10.dll
[0606/184723:ERROR:process_reader_win.cc(232)] ReadMemory at 0x754a0000 of 64 bytes failed: 仅完成部分的 ReadProcessMemory 或 WriteProcessMemory 请求。 (0x12B)
[0606/184723:WARNING:pe_image_reader.cc(280)] could not read dos header from C:\windows\SYSTEM32\MSASN1.dll
[0606/184723:ERROR:process_reader_win.cc(232)] ReadMemory at 0x77280000 of 64 bytes failed: 仅完成部分的 ReadProcessMemory 或 WriteProcessMemory 请求。 (0x12B)
[0606/184723:WARNING:pe_image_reader.cc(280)] could not read dos header from C:\windows\SYSTEM32\CRYPT32.dll
[0606/184723:ERROR:process_reader_win.cc(232)] ReadMemory at 0x77400000 of 64 bytes failed: 仅完成部分的 ReadProcessMemory 或 WriteProcessMemory 请求。 (0x12B)
[0606/184723:WARNING:pe_image_reader.cc(280)] could not read dos header from C:\windows\SYSTEM32\WINTRUST.dll
[0606/184723:ERROR:process_reader_win.cc(232)] ReadMemory at 0x73ac0000 of 64 bytes failed: 仅完成部分的 ReadProcessMemory 或 WriteProcessMemory 请求。 (0x12B)
[0606/184723:WARNING:pe_image_reader.cc(280)] could not read dos header from C:\windows\SYSTEM32\Secur32.dll
[0606/184723:ERROR:process_reader_win.cc(232)] ReadMemory at 0x64310000 of 64 bytes failed: 仅完成部分的 ReadProcessMemory 或 WriteProcessMemory 请求。 (0x12B)
[0606/184723:WARNING:pe_image_reader.cc(280)] could not read dos header from C:\Program Files (x86)\Google\Chrome\Application\50.0.2661.94\chrome_child.dll
[0606/184723:ERROR:process_reader_win.cc(232)] ReadMemory at 0x6b140000 of 64 bytes failed: 仅完成部分的 ReadProcessMemory 或 WriteProcessMemory 请求。 (0x12B)
[0606/184723:WARNING:pe_image_reader.cc(280)] could not read dos header from C:\windows\SYSTEM32\dwrite.dll
[0606/184723:ERROR:process_reader_win.cc(98)] process 143484 not found
[0606/184723:ERROR:process_reader_win.cc(232)] ReadMemory at 0x140d1b4 of 12 bytes failed: 仅完成部分的 ReadProcessMemory 或 WriteProcessMemory 请求。 (0x12B)
[0606/184723:WARNING:process_snapshot_win.cc(96)] ReadMemory ExceptionInformation failed
[0606/184723:WARNING:crash_report_exception_handler.cc(60)] ProcessSnapshotWin::InitializeException failed
[0606/184723:ERROR:scoped_process_suspend.cc(38)] NtResumeProcess, ntstatus=-1073741558
